<?xml version="1.0" encoding="utf-8" standalone="no"?>
<test-run id="2" testcasecount="332" result="Passed" total="0" passed="0" failed="0" inconclusive="0" skipped="0" asserts="0" engine-version="3.8.0.0" clr-version="4.0.30319.42000" start-time="2018-09-10 13:49:39Z" end-time="2018-09-10 13:50:26Z" duration="47.099915">
  <command-line><![CDATA[nunit3-console.exe  D:\Nunit\AutomationNUnit\AutomationNUnit\bin\Debug\AutomationNUnit.dll --debug --test="TC_04_VerifyShowCartItems"]]></command-line>
  <filter>
    <test>TC_04_VerifyShowCartItems</test>
  </filter>
  <test-suite type="Assembly" id="0-2005" name="AutomationNUnit.dll" fullname="D:\Nunit\AutomationNUnit\AutomationNUnit\bin\Debug\AutomationNUnit.dll" runstate="Runnable" testcasecount="332" result="Passed" start-time="2018-09-10 13:50:26Z" end-time="2018-09-10 13:50:26Z" duration="0.022399" total="0" passed="0" failed="0" warnings="0" inconclusive="0" skipped="0" asserts="0">
    <environment framework-version="3.9.0.0" clr-version="4.0.30319.42000" os-version="Microsoft Windows NT 6.1.7601.65536" platform="Win32NT" cwd="D:\Nunit\AutomationNUnit\packages\NUnit.ConsoleRunner.3.8.0\tools" machine-name="BRUITDEV-16" user="bdasari" user-domain="BRUIN" culture="en-US" uiculture="en-US" os-architecture="x64" />
    <settings>
      <setting name="DisposeRunners" value="True" />
      <setting name="WorkDirectory" value="D:\Nunit\AutomationNUnit\packages\NUnit.ConsoleRunner.3.8.0\tools" />
      <setting name="DebugTests" value="True" />
      <setting name="NumberOfTestWorkers" value="0" />
      <setting name="ImageRuntimeVersion" value="4.0.30319" />
      <setting name="ImageTargetFrameworkName" value=".NETFramework,Version=v4.6.1" />
      <setting name="ImageRequiresX86" value="False" />
      <setting name="ImageRequiresDefaultAppDomainAssemblyResolver" value="False" />
    </settings>
    <properties>
      <property name="_PID" value="288256" />
      <property name="_APPDOMAIN" value="domain-" />
    </properties>
  </test-suite>
</test-run>